<?xml version="1.0" encoding="UTF-8"?>
<testng-results skipped="0" failed="0" ignored="0" total="1" passed="1">
  <reporter-output>
  </reporter-output>
  <suite name="Default suite" duration-ms="9678" started-at="2021-07-27T23:40:09 GMT+01:00" finished-at="2021-07-27T23:40:19 GMT+01:00">
    <groups>
    </groups>
    <test name="Default test" duration-ms="9678" started-at="2021-07-27T23:40:09 GMT+01:00" finished-at="2021-07-27T23:40:19 GMT+01:00">
      <class name="tests.Test_Case">
        <test-method status="PASS" signature="setUp()[pri:0, instance:tests.Test_Case@26a7b76d]" name="setUp" is-config="true" duration-ms="7353" started-at="2021-07-27T23:40:09 GMT+01:00" finished-at="2021-07-27T23:40:17 GMT+01:00">
          <reporter-output>
          </reporter-output>
        </test-method> <!-- setUp -->
        <test-method status="PASS" signature="verifyContentFile()[pri:0, instance:tests.Test_Case@26a7b76d]" name="verifyContentFile" duration-ms="1201" started-at="2021-07-27T23:40:17 GMT+01:00" finished-at="2021-07-27T23:40:18 GMT+01:00">
          <reporter-output>
          </reporter-output>
        </test-method> <!-- verifyContentFile -->
        <test-method status="PASS" signature="tearDown()[pri:0, instance:tests.Test_Case@26a7b76d]" name="tearDown" is-config="true" duration-ms="1073" started-at="2021-07-27T23:40:18 GMT+01:00" finished-at="2021-07-27T23:40:19 GMT+01:00">
          <reporter-output>
          </reporter-output>
        </test-method> <!-- tearDown -->
      </class> <!-- tests.Test_Case -->
    </test> <!-- Default test -->
  </suite> <!-- Default suite -->
</testng-results>
